
https://nitter.it/joinmastodon/status/1594121627083493378#m
https://nitter.it/BBCBweaking/status/1593548583671824385#m
https://nitter.it/ByDonkeys/status/1582303415576715265#m
https://nitter.it/brian_bilston/status/1581553049843404801#m
https://nitter.it/jdorchard/status/1580634441889697792#m
https://nitter.it/jdorchard/status/1580634433136123904#m
https://nitter.it/brian_bilston/status/1580106651729698816#m
https://nitter.it/CHAINSAWMAN_PR/status/1579856860651233281#m
https://nitter.it/mizabitha/status/1579382959660232705#m
https://nitter.it/POTUS/status/1578097875480895489#m
https://nitter.it/Rocket_Sledge/status/1576948986334048257#m
https://nitter.it/poisonjr/status/1575322819772096512#m
https://nitter.it/WessexLifts/status/1574700560284094464#m
https://nitter.it/jdorchard/status/1565636919282786305#m
https://nitter.it/ThreatNotation/status/1512804148886056969#m
https://nitter.it/h3h3productions/status/1508285488616337408#m
https://nitter.it/jdorchard/status/1475156805407981574#m
https://nitter.it/highprogressive/status/1471720721495867396#m
https://nitter.it/Rizex45/status/1468687563447799808#m
https://nitter.it/ai_curio_bot/status/1465164092243644416#m
